<?xml version="1.0" encoding="utf-8"?><testsuites name="pytest tests"><testsuite name="pytest" errors="0" failures="0" skipped="0" tests="11" time="1.937" timestamp="2026-04-16T11:56:19.266020+00:00" hostname="agent-env-9183a3ea-006f-49c0-bda8-b85506fac8ed"><testcase classname="tests.test_nuo_api.TestHealthCheck" name="test_api_health" time="0.213" /><testcase classname="tests.test_nuo_api.TestAuthEndpoints" name="test_auth_session_missing_session_id" time="0.149" /><testcase classname="tests.test_nuo_api.TestAuthEndpoints" name="test_auth_session_invalid_session_id" time="0.288" /><testcase classname="tests.test_nuo_api.TestAuthEndpoints" name="test_auth_me_without_token" time="0.105" /><testcase classname="tests.test_nuo_api.TestAuthEndpoints" name="test_auth_me_with_invalid_token" time="0.160" /><testcase classname="tests.test_nuo_api.TestAuthEndpoints" name="test_auth_logout" time="0.140" /><testcase classname="tests.test_nuo_api.TestPersonalizationEndpoint" name="test_personalization_without_auth" time="0.100" /><testcase classname="tests.test_nuo_api.TestVoiceEndpoint" name="test_voice_upload_without_auth" time="0.107" /><testcase classname="tests.test_nuo_api.TestVoiceEndpoint" name="test_voice_upload_with_duration" time="0.137" /><testcase classname="tests.test_nuo_api.TestAuthenticatedFlow" name="test_auth_me_with_valid_session" time="0.194" /><testcase classname="tests.test_nuo_api.TestAuthenticatedFlow" name="test_personalization_with_valid_session" time="0.272" /></testsuite></testsuites>